

----------------------------------------
checking for iconv

C:/Program Files (x86)/Microsoft Visual Studio 10.0/VC/bin/cl.exe: error while loading shared libraries: ?: cannot open shared object file: No such file or directory
----------

#include <sys/types.h>

#include <iconv.h>

int main(void) {
    iconv_open(NULL, NULL);;
    return 0;
}

----------
cl -DFD_SETSIZE=1024 -o objs/autotest objs/autotest.c
----------

----------------------------------------
checking for clock_gettime()

C:/Program Files (x86)/Microsoft Visual Studio 10.0/VC/bin/cl.exe: error while loading shared libraries: ?: cannot open shared object file: No such file or directory
----------

#include <sys/types.h>

#include <sched.h>

int main(void) {
    clock_gettime();
    return 0;
}

----------
cl -DFD_SETSIZE=1024 -o objs/autotest objs/autotest.c
----------

----------------------------------------
checking for clock_gettime() in librt

C:/Program Files (x86)/Microsoft Visual Studio 10.0/VC/bin/cl.exe: error while loading shared libraries: ?: cannot open shared object file: No such file or directory
----------

#include <sys/types.h>

#include <sched.h>

int main(void) {
    clock_gettime();
    return 0;
}

----------
cl -DFD_SETSIZE=1024 -o objs/autotest objs/autotest.c -lrt
----------

----------------------------------------
checking for libavcodec

C:/Program Files (x86)/Microsoft Visual Studio 10.0/VC/bin/cl.exe: error while loading shared libraries: ?: cannot open shared object file: No such file or directory
----------

#include <sys/types.h>

#include <libavcodec/avcodec.h>

int main(void) {
    avcodec_send_packet(NULL, NULL);
    return 0;
}

----------
cl -DFD_SETSIZE=1024 -o objs/autotest objs/autotest.c -lavcodec
----------

----------------------------------------
checking for libswscale

C:/Program Files (x86)/Microsoft Visual Studio 10.0/VC/bin/cl.exe: error while loading shared libraries: ?: cannot open shared object file: No such file or directory
----------

#include <sys/types.h>

#include <libswscale/swscale.h>

int main(void) {
    sws_scale(NULL, NULL, NULL, 0, 0, NULL, NULL);
    return 0;
}

----------
cl -DFD_SETSIZE=1024 -o objs/autotest objs/autotest.c -lswscale
----------

----------------------------------------
checking for libavfilter

C:/Program Files (x86)/Microsoft Visual Studio 10.0/VC/bin/cl.exe: error while loading shared libraries: ?: cannot open shared object file: No such file or directory
----------

#include <sys/types.h>

#include <libavfilter/avfilter.h>
                  #include <libavfilter/buffersrc.h>
                  #include <libavfilter/buffersink.h>

int main(void) {
    avfilter_register_all();
    return 0;
}

----------
cl -DFD_SETSIZE=1024 -o objs/autotest objs/autotest.c -lavfilter
----------

----------------------------------------
checking for libxml2

C:/Program Files (x86)/Microsoft Visual Studio 10.0/VC/bin/cl.exe: error while loading shared libraries: ?: cannot open shared object file: No such file or directory
----------

#include <sys/types.h>

#include <libxml/parser.h>
                  #include <libxml/tree.h>

int main(void) {
    xmlReadMemory(NULL, 0, NULL, NULL, 0);;
    return 0;
}

----------
cl -DFD_SETSIZE=1024 -I /usr/include/libxml2 -o objs/autotest objs/autotest.c -lxml2
----------
